
＝＝＝＝＝＝＝＝＝＝＝＝＝＝＝＝＝＝＝＝             
【日志时间】： 2023-05-04 08:31:19,344              
【线 程 ID】： [1]                
【日志级别】： ERROR               
【出错文件】：F:\工作内容\3.新项目开发\智能调配柜\WPF版本调配机正在开发中\Iron.IntelligentDispsingMachine\Iron.IntelligentDispsingMachine.ViewModel\MainViewModel.cs             
【出错行号】：155              
【出错的类】：Iron.IntelligentDispsingMachine.View.App               
【日志内容】：Could not find file 'COM7'. 

＝＝＝＝＝＝＝＝＝＝＝＝＝＝＝＝＝＝＝＝             
【日志时间】： 2023-05-04 08:31:40,123              
【线 程 ID】： [1]                
【日志级别】： ERROR               
【出错文件】：F:\工作内容\3.新项目开发\智能调配柜\WPF版本调配机正在开发中\Iron.IntelligentDispsingMachine\Iron.IntelligentDispsingMachine.ViewModel\MainViewModel.cs             
【出错行号】：155              
【出错的类】：Iron.IntelligentDispsingMachine.View.App               
【日志内容】：Could not find file 'COM7'. 

＝＝＝＝＝＝＝＝＝＝＝＝＝＝＝＝＝＝＝＝             
【日志时间】： 2023-05-04 08:32:36,303              
【线 程 ID】： [1]                
【日志级别】： ERROR               
【出错文件】：F:\工作内容\3.新项目开发\智能调配柜\WPF版本调配机正在开发中\Iron.IntelligentDispsingMachine\Iron.IntelligentDispsingMachine.ViewModel\MainViewModel.cs             
【出错行号】：155              
【出错的类】：Iron.IntelligentDispsingMachine.View.App               
【日志内容】：Could not find file 'COM7'. 

＝＝＝＝＝＝＝＝＝＝＝＝＝＝＝＝＝＝＝＝             
【日志时间】： 2023-05-04 08:33:17,113              
【线 程 ID】： [1]                
【日志级别】： ERROR               
【出错文件】：F:\工作内容\3.新项目开发\智能调配柜\WPF版本调配机正在开发中\Iron.IntelligentDispsingMachine\Iron.IntelligentDispsingMachine.ViewModel\MainViewModel.cs             
【出错行号】：156              
【出错的类】：Iron.IntelligentDispsingMachine.View.App               
【日志内容】：Could not find file 'COM7'. 

＝＝＝＝＝＝＝＝＝＝＝＝＝＝＝＝＝＝＝＝             
【日志时间】： 2023-05-04 08:34:06,771              
【线 程 ID】： [1]                
【日志级别】： ERROR               
【出错文件】：F:\工作内容\3.新项目开发\智能调配柜\WPF版本调配机正在开发中\Iron.IntelligentDispsingMachine\Iron.IntelligentDispsingMachine.ViewModel\MainViewModel.cs             
【出错行号】：157              
【出错的类】：Iron.IntelligentDispsingMachine.View.App               
【日志内容】：PLC连接失败，请检查配置 

＝＝＝＝＝＝＝＝＝＝＝＝＝＝＝＝＝＝＝＝             
【日志时间】： 2023-05-04 08:35:54,650              
【线 程 ID】： [1]                
【日志级别】： ERROR               
【出错文件】：F:\工作内容\3.新项目开发\智能调配柜\WPF版本调配机正在开发中\Iron.IntelligentDispsingMachine\Iron.IntelligentDispsingMachine.ViewModel\MainViewModel.cs             
【出错行号】：157              
【出错的类】：Iron.IntelligentDispsingMachine.View.App               
【日志内容】：PLC连接失败，请检查配置 

＝＝＝＝＝＝＝＝＝＝＝＝＝＝＝＝＝＝＝＝             
【日志时间】： 2023-05-04 08:51:13,463              
【线 程 ID】： [1]                
【日志级别】： ERROR               
【出错文件】：F:\工作内容\3.新项目开发\智能调配柜\WPF版本调配机正在开发中\Iron.IntelligentDispsingMachine\Iron.IntelligentDispsingMachine.ViewModel\MainViewModel.cs             
【出错行号】：157              
【出错的类】：Iron.IntelligentDispsingMachine.View.App               
【日志内容】：PLC连接失败，请检查配置 

＝＝＝＝＝＝＝＝＝＝＝＝＝＝＝＝＝＝＝＝             
【日志时间】： 2023-05-04 08:59:04,146              
【线 程 ID】： [1]                
【日志级别】： ERROR               
【出错文件】：F:\工作内容\3.新项目开发\智能调配柜\WPF版本调配机正在开发中\Iron.IntelligentDispsingMachine\Iron.IntelligentDispsingMachine.ViewModel\MainViewModel.cs             
【出错行号】：157              
【出错的类】：Iron.IntelligentDispsingMachine.View.App               
【日志内容】：PLC连接失败，请检查配置 

＝＝＝＝＝＝＝＝＝＝＝＝＝＝＝＝＝＝＝＝             
【日志时间】： 2023-05-04 09:02:27,357              
【线 程 ID】： [1]                
【日志级别】： ERROR               
【出错文件】：F:\工作内容\3.新项目开发\智能调配柜\WPF版本调配机正在开发中\Iron.IntelligentDispsingMachine\Iron.IntelligentDispsingMachine.ViewModel\MainViewModel.cs             
【出错行号】：157              
【出错的类】：Iron.IntelligentDispsingMachine.View.App               
【日志内容】：PLC连接失败，请检查配置 

＝＝＝＝＝＝＝＝＝＝＝＝＝＝＝＝＝＝＝＝             
【日志时间】： 2023-05-04 09:04:25,146              
【线 程 ID】： [1]                
【日志级别】： ERROR               
【出错文件】：F:\工作内容\3.新项目开发\智能调配柜\WPF版本调配机正在开发中\Iron.IntelligentDispsingMachine\Iron.IntelligentDispsingMachine.ViewModel\MainViewModel.cs             
【出错行号】：157              
【出错的类】：Iron.IntelligentDispsingMachine.View.App               
【日志内容】：PLC连接失败，请检查配置 

＝＝＝＝＝＝＝＝＝＝＝＝＝＝＝＝＝＝＝＝             
【日志时间】： 2023-05-04 09:05:02,105              
【线 程 ID】： [1]                
【日志级别】： ERROR               
【出错文件】：F:\工作内容\3.新项目开发\智能调配柜\WPF版本调配机正在开发中\Iron.IntelligentDispsingMachine\Iron.IntelligentDispsingMachine.ViewModel\MainViewModel.cs             
【出错行号】：157              
【出错的类】：Iron.IntelligentDispsingMachine.View.App               
【日志内容】：PLC连接失败，请检查配置 

＝＝＝＝＝＝＝＝＝＝＝＝＝＝＝＝＝＝＝＝             
【日志时间】： 2023-05-04 09:08:25,271              
【线 程 ID】： [1]                
【日志级别】： ERROR               
【出错文件】：F:\工作内容\3.新项目开发\智能调配柜\WPF版本调配机正在开发中\Iron.IntelligentDispsingMachine\Iron.IntelligentDispsingMachine.ViewModel\MainViewModel.cs             
【出错行号】：157              
【出错的类】：Iron.IntelligentDispsingMachine.View.App               
【日志内容】：PLC连接失败，请检查配置 

＝＝＝＝＝＝＝＝＝＝＝＝＝＝＝＝＝＝＝＝             
【日志时间】： 2023-05-04 09:09:35,772              
【线 程 ID】： [1]                
【日志级别】： ERROR               
【出错文件】：F:\工作内容\3.新项目开发\智能调配柜\WPF版本调配机正在开发中\Iron.IntelligentDispsingMachine\Iron.IntelligentDispsingMachine.ViewModel\MainViewModel.cs             
【出错行号】：157              
【出错的类】：Iron.IntelligentDispsingMachine.View.App               
【日志内容】：PLC连接失败，请检查配置 

＝＝＝＝＝＝＝＝＝＝＝＝＝＝＝＝＝＝＝＝             
【日志时间】： 2023-05-04 09:10:32,794              
【线 程 ID】： [1]                
【日志级别】： ERROR               
【出错文件】：F:\工作内容\3.新项目开发\智能调配柜\WPF版本调配机正在开发中\Iron.IntelligentDispsingMachine\Iron.IntelligentDispsingMachine.ViewModel\MainViewModel.cs             
【出错行号】：157              
【出错的类】：Iron.IntelligentDispsingMachine.View.App               
【日志内容】：PLC连接失败，请检查配置 

＝＝＝＝＝＝＝＝＝＝＝＝＝＝＝＝＝＝＝＝             
【日志时间】： 2023-05-04 09:11:35,126              
【线 程 ID】： [1]                
【日志级别】： ERROR               
【出错文件】：F:\工作内容\3.新项目开发\智能调配柜\WPF版本调配机正在开发中\Iron.IntelligentDispsingMachine\Iron.IntelligentDispsingMachine.ViewModel\MainViewModel.cs             
【出错行号】：157              
【出错的类】：Iron.IntelligentDispsingMachine.View.App               
【日志内容】：PLC连接失败，请检查配置 

＝＝＝＝＝＝＝＝＝＝＝＝＝＝＝＝＝＝＝＝             
【日志时间】： 2023-05-04 09:21:28,821              
【线 程 ID】： [1]                
【日志级别】： ERROR               
【出错文件】：F:\工作内容\3.新项目开发\智能调配柜\WPF版本调配机正在开发中\Iron.IntelligentDispsingMachine\Iron.IntelligentDispsingMachine.ViewModel\MainViewModel.cs             
【出错行号】：157              
【出错的类】：Iron.IntelligentDispsingMachine.View.App               
【日志内容】：PLC连接失败，请检查配置 

＝＝＝＝＝＝＝＝＝＝＝＝＝＝＝＝＝＝＝＝             
【日志时间】： 2023-05-04 09:22:01,167              
【线 程 ID】： [1]                
【日志级别】： ERROR               
【出错文件】：F:\工作内容\3.新项目开发\智能调配柜\WPF版本调配机正在开发中\Iron.IntelligentDispsingMachine\Iron.IntelligentDispsingMachine.ViewModel\MainViewModel.cs             
【出错行号】：157              
【出错的类】：Iron.IntelligentDispsingMachine.View.App               
【日志内容】：PLC连接失败，请检查配置 

＝＝＝＝＝＝＝＝＝＝＝＝＝＝＝＝＝＝＝＝             
【日志时间】： 2023-05-04 09:33:04,580              
【线 程 ID】： [1]                
【日志级别】： ERROR               
【出错文件】：F:\工作内容\3.新项目开发\智能调配柜\WPF版本调配机正在开发中\Iron.IntelligentDispsingMachine\Iron.IntelligentDispsingMachine.ViewModel\MainViewModel.cs             
【出错行号】：157              
【出错的类】：Iron.IntelligentDispsingMachine.View.App               
【日志内容】：PLC连接失败，请检查配置 

＝＝＝＝＝＝＝＝＝＝＝＝＝＝＝＝＝＝＝＝             
【日志时间】： 2023-05-04 09:35:40,410              
【线 程 ID】： [1]                
【日志级别】： ERROR               
【出错文件】：F:\工作内容\3.新项目开发\智能调配柜\WPF版本调配机正在开发中\Iron.IntelligentDispsingMachine\Iron.IntelligentDispsingMachine.ViewModel\MainViewModel.cs             
【出错行号】：157              
【出错的类】：Iron.IntelligentDispsingMachine.View.App               
【日志内容】：PLC连接失败，请检查配置 

＝＝＝＝＝＝＝＝＝＝＝＝＝＝＝＝＝＝＝＝             
【日志时间】： 2023-05-04 09:55:31,581              
【线 程 ID】： [1]                
【日志级别】： ERROR               
【出错文件】：F:\工作内容\3.新项目开发\智能调配柜\WPF版本调配机正在开发中\Iron.IntelligentDispsingMachine\Iron.IntelligentDispsingMachine.ViewModel\MainViewModel.cs             
【出错行号】：157              
【出错的类】：Iron.IntelligentDispsingMachine.View.App               
【日志内容】：PLC连接失败，请检查配置 

＝＝＝＝＝＝＝＝＝＝＝＝＝＝＝＝＝＝＝＝             
【日志时间】： 2023-05-04 09:56:27,292              
【线 程 ID】： [1]                
【日志级别】： ERROR               
【出错文件】：F:\工作内容\3.新项目开发\智能调配柜\WPF版本调配机正在开发中\Iron.IntelligentDispsingMachine\Iron.IntelligentDispsingMachine.ViewModel\MainViewModel.cs             
【出错行号】：157              
【出错的类】：Iron.IntelligentDispsingMachine.View.App               
【日志内容】：PLC连接失败，请检查配置 

＝＝＝＝＝＝＝＝＝＝＝＝＝＝＝＝＝＝＝＝             
【日志时间】： 2023-05-04 09:58:19,784              
【线 程 ID】： [1]                
【日志级别】： ERROR               
【出错文件】：F:\工作内容\3.新项目开发\智能调配柜\WPF版本调配机正在开发中\Iron.IntelligentDispsingMachine\Iron.IntelligentDispsingMachine.ViewModel\MainViewModel.cs             
【出错行号】：157              
【出错的类】：Iron.IntelligentDispsingMachine.View.App               
【日志内容】：PLC连接失败，请检查配置 

＝＝＝＝＝＝＝＝＝＝＝＝＝＝＝＝＝＝＝＝             
【日志时间】： 2023-05-04 09:59:08,703              
【线 程 ID】： [1]                
【日志级别】： ERROR               
【出错文件】：F:\工作内容\3.新项目开发\智能调配柜\WPF版本调配机正在开发中\Iron.IntelligentDispsingMachine\Iron.IntelligentDispsingMachine.ViewModel\MainViewModel.cs             
【出错行号】：157              
【出错的类】：Iron.IntelligentDispsingMachine.View.App               
【日志内容】：PLC连接失败，请检查配置 

＝＝＝＝＝＝＝＝＝＝＝＝＝＝＝＝＝＝＝＝             
【日志时间】： 2023-05-04 09:59:53,988              
【线 程 ID】： [1]                
【日志级别】： ERROR               
【出错文件】：F:\工作内容\3.新项目开发\智能调配柜\WPF版本调配机正在开发中\Iron.IntelligentDispsingMachine\Iron.IntelligentDispsingMachine.ViewModel\MainViewModel.cs             
【出错行号】：157              
【出错的类】：Iron.IntelligentDispsingMachine.View.App               
【日志内容】：PLC连接失败，请检查配置 

＝＝＝＝＝＝＝＝＝＝＝＝＝＝＝＝＝＝＝＝             
【日志时间】： 2023-05-04 10:09:05,694              
【线 程 ID】： [1]                
【日志级别】： ERROR               
【出错文件】：F:\工作内容\3.新项目开发\智能调配柜\WPF版本调配机正在开发中\Iron.IntelligentDispsingMachine\Iron.IntelligentDispsingMachine.ViewModel\MainViewModel.cs             
【出错行号】：157              
【出错的类】：Iron.IntelligentDispsingMachine.View.App               
【日志内容】：PLC连接失败，请检查配置 

＝＝＝＝＝＝＝＝＝＝＝＝＝＝＝＝＝＝＝＝             
【日志时间】： 2023-05-04 10:18:11,371              
【线 程 ID】： [1]                
【日志级别】： ERROR               
【出错文件】：F:\工作内容\3.新项目开发\智能调配柜\WPF版本调配机正在开发中\Iron.IntelligentDispsingMachine\Iron.IntelligentDispsingMachine.ViewModel\MainViewModel.cs             
【出错行号】：157              
【出错的类】：Iron.IntelligentDispsingMachine.View.App               
【日志内容】：PLC连接失败，请检查配置 

＝＝＝＝＝＝＝＝＝＝＝＝＝＝＝＝＝＝＝＝             
【日志时间】： 2023-05-04 10:22:44,640              
【线 程 ID】： [1]                
【日志级别】： ERROR               
【出错文件】：F:\工作内容\3.新项目开发\智能调配柜\WPF版本调配机正在开发中\Iron.IntelligentDispsingMachine\Iron.IntelligentDispsingMachine.ViewModel\MainViewModel.cs             
【出错行号】：157              
【出错的类】：Iron.IntelligentDispsingMachine.View.App               
【日志内容】：PLC连接失败，请检查配置 

＝＝＝＝＝＝＝＝＝＝＝＝＝＝＝＝＝＝＝＝             
【日志时间】： 2023-05-04 10:47:51,098              
【线 程 ID】： [1]                
【日志级别】： ERROR               
【出错文件】：F:\工作内容\3.新项目开发\智能调配柜\WPF版本调配机正在开发中\Iron.IntelligentDispsingMachine\Iron.IntelligentDispsingMachine.ViewModel\MainViewModel.cs             
【出错行号】：157              
【出错的类】：Iron.IntelligentDispsingMachine.View.App               
【日志内容】：PLC连接失败，请检查配置 

＝＝＝＝＝＝＝＝＝＝＝＝＝＝＝＝＝＝＝＝             
【日志时间】： 2023-05-04 11:06:07,806              
【线 程 ID】： [1]                
【日志级别】： ERROR               
【出错文件】：F:\工作内容\3.新项目开发\智能调配柜\WPF版本调配机正在开发中\Iron.IntelligentDispsingMachine\Iron.IntelligentDispsingMachine.ViewModel\MainViewModel.cs             
【出错行号】：157              
【出错的类】：Iron.IntelligentDispsingMachine.View.App               
【日志内容】：PLC连接失败，请检查配置 

＝＝＝＝＝＝＝＝＝＝＝＝＝＝＝＝＝＝＝＝             
【日志时间】： 2023-05-04 11:07:00,360              
【线 程 ID】： [1]                
【日志级别】： ERROR               
【出错文件】：F:\工作内容\3.新项目开发\智能调配柜\WPF版本调配机正在开发中\Iron.IntelligentDispsingMachine\Iron.IntelligentDispsingMachine.ViewModel\MainViewModel.cs             
【出错行号】：157              
【出错的类】：Iron.IntelligentDispsingMachine.View.App               
【日志内容】：PLC连接失败，请检查配置 
