
＝＝＝＝＝＝＝＝＝＝＝＝＝＝＝＝＝＝＝＝             
【日志时间】： 2023-04-27 16:12:16,153              
【线 程 ID】： [1]                
【日志级别】： ERROR               
【出错文件】：F:\工作内容\3.新项目开发\智能调配柜\WPF版本调配机正在开发中\Iron.IntelligentDispsingMachine\Iron.IntelligentDispsingMachine.ViewModel\MainViewModel.cs             
【出错行号】：121              
【出错的类】：Iron.IntelligentDispsingMachine.View.App               
【日志内容】：Could not find file 'COM7'. 

＝＝＝＝＝＝＝＝＝＝＝＝＝＝＝＝＝＝＝＝             
【日志时间】： 2023-04-27 16:25:11,863              
【线 程 ID】： [1]                
【日志级别】： ERROR               
【出错文件】：F:\工作内容\3.新项目开发\智能调配柜\WPF版本调配机正在开发中\Iron.IntelligentDispsingMachine\Iron.IntelligentDispsingMachine.ViewModel\MainViewModel.cs             
【出错行号】：121              
【出错的类】：Iron.IntelligentDispsingMachine.View.App               
【日志内容】：Could not find file 'COM7'. 

＝＝＝＝＝＝＝＝＝＝＝＝＝＝＝＝＝＝＝＝             
【日志时间】： 2023-04-27 16:54:05,158              
【线 程 ID】： [1]                
【日志级别】： ERROR               
【出错文件】：F:\工作内容\3.新项目开发\智能调配柜\WPF版本调配机正在开发中\Iron.IntelligentDispsingMachine\Iron.IntelligentDispsingMachine.ViewModel\MainViewModel.cs             
【出错行号】：121              
【出错的类】：Iron.IntelligentDispsingMachine.View.App               
【日志内容】：Could not find file 'COM7'. 

＝＝＝＝＝＝＝＝＝＝＝＝＝＝＝＝＝＝＝＝             
【日志时间】： 2023-04-27 16:54:13,182              
【线 程 ID】： [1]                
【日志级别】： ERROR               
【出错文件】：F:\工作内容\3.新项目开发\智能调配柜\WPF版本调配机正在开发中\Iron.IntelligentDispsingMachine\Iron.IntelligentDispsingMachine.ViewModel\DrugOutViewModel.cs             
【出错行号】：618              
【出错的类】：Iron.IntelligentDispsingMachine.View.App               
【日志内容】：光幕报警 

＝＝＝＝＝＝＝＝＝＝＝＝＝＝＝＝＝＝＝＝             
【日志时间】： 2023-04-27 16:54:37,245              
【线 程 ID】： [1]                
【日志级别】： ERROR               
【出错文件】：F:\工作内容\3.新项目开发\智能调配柜\WPF版本调配机正在开发中\Iron.IntelligentDispsingMachine\Iron.IntelligentDispsingMachine.ViewModel\DrugOutViewModel.cs             
【出错行号】：618              
【出错的类】：Iron.IntelligentDispsingMachine.View.App               
【日志内容】：光幕报警 

＝＝＝＝＝＝＝＝＝＝＝＝＝＝＝＝＝＝＝＝             
【日志时间】： 2023-04-27 17:22:28,880              
【线 程 ID】： [1]                
【日志级别】： ERROR               
【出错文件】：F:\工作内容\3.新项目开发\智能调配柜\WPF版本调配机正在开发中\Iron.IntelligentDispsingMachine\Iron.IntelligentDispsingMachine.ViewModel\MainViewModel.cs             
【出错行号】：121              
【出错的类】：Iron.IntelligentDispsingMachine.View.App               
【日志内容】：Could not find file 'COM7'. 

＝＝＝＝＝＝＝＝＝＝＝＝＝＝＝＝＝＝＝＝             
【日志时间】： 2023-04-27 17:23:02,616              
【线 程 ID】： [1]                
【日志级别】： ERROR               
【出错文件】：F:\工作内容\3.新项目开发\智能调配柜\WPF版本调配机正在开发中\Iron.IntelligentDispsingMachine\Iron.IntelligentDispsingMachine.ViewModel\MainViewModel.cs             
【出错行号】：121              
【出错的类】：Iron.IntelligentDispsingMachine.View.App               
【日志内容】：Could not find file 'COM7'. 

＝＝＝＝＝＝＝＝＝＝＝＝＝＝＝＝＝＝＝＝             
【日志时间】： 2023-04-27 17:23:28,454              
【线 程 ID】： [1]                
【日志级别】： ERROR               
【出错文件】：F:\工作内容\3.新项目开发\智能调配柜\WPF版本调配机正在开发中\Iron.IntelligentDispsingMachine\Iron.IntelligentDispsingMachine.ViewModel\MainViewModel.cs             
【出错行号】：121              
【出错的类】：Iron.IntelligentDispsingMachine.View.App               
【日志内容】：Could not find file 'COM7'. 

＝＝＝＝＝＝＝＝＝＝＝＝＝＝＝＝＝＝＝＝             
【日志时间】： 2023-04-27 17:26:17,128              
【线 程 ID】： [1]                
【日志级别】： ERROR               
【出错文件】：F:\工作内容\3.新项目开发\智能调配柜\WPF版本调配机正在开发中\Iron.IntelligentDispsingMachine\Iron.IntelligentDispsingMachine.ViewModel\MainViewModel.cs             
【出错行号】：121              
【出错的类】：Iron.IntelligentDispsingMachine.View.App               
【日志内容】：Could not find file 'COM7'. 

＝＝＝＝＝＝＝＝＝＝＝＝＝＝＝＝＝＝＝＝             
【日志时间】： 2023-04-27 17:27:18,608              
【线 程 ID】： [1]                
【日志级别】： ERROR               
【出错文件】：F:\工作内容\3.新项目开发\智能调配柜\WPF版本调配机正在开发中\Iron.IntelligentDispsingMachine\Iron.IntelligentDispsingMachine.ViewModel\MainViewModel.cs             
【出错行号】：121              
【出错的类】：Iron.IntelligentDispsingMachine.View.App               
【日志内容】：Could not find file 'COM7'. 
